<?xml version="1.0" encoding="UTF-8"?>
<!-- Generated by org.testng.reporters.JUnitReportReporter -->
<testsuite hostname="ZSRIL-1HST9Y2" failures="0" tests="2" name="cucumberOptions.TestRunner" time="34.113" errors="0" timestamp="2021-06-28T18:09:41 IST" skipped="0">
  <testcase classname="cucumberOptions.TestRunner" name="feature" time="10.761"/>
  <system-out/>
  <testcase classname="cucumberOptions.TestRunner" name="feature" time="23.352"/>
  <system-out/>
</testsuite> <!-- cucumberOptions.TestRunner -->
